This file contains any messages produced by compilers while
running configure, to aid debugging if configure makes a mistake.

It was created by configure, which was
generated by GNU Autoconf 2.59.  Invocation command line was

  $ ./configure 

## --------- ##
## Platform. ##
## --------- ##

hostname = untitled
uname -m = x86_64
uname -r = 3.13.0-57-generic
uname -s = Linux
uname -v = #95-Ubuntu SMP Fri Jun 19 09:28:15 UTC 2015

/usr/bin/uname -p = unknown
/bin/uname -X     = unknown

/bin/arch              = unknown
/usr/bin/arch -k       = unknown
/usr/convex/getsysinfo = unknown
hostinfo               = unknown
/bin/machine           = unknown
/usr/bin/oslevel       = unknown
/bin/universe          = unknown

PATH: /usr/local/sbin
PATH: /usr/local/bin
PATH: /usr/sbin
PATH: /usr/bin
PATH: /sbin
PATH: /bin
PATH: /home/darkstar/bin
PATH: /qbin


## ----------- ##
## Core tests. ##
## ----------- ##

configure:1353: checking for a BSD-compatible install
configure:1408: result: /usr/bin/install -c
configure:1465: checking for gcc
configure:1481: found /usr/bin/gcc
configure:1491: result: gcc
configure:1735: checking for C compiler version
configure:1738: gcc --version </dev/null >&5
gcc (Ubuntu 4.8.4-2ubuntu1~14.04) 4.8.4
Copyright (C) 2013 Free Software Foundation, Inc.
This is free software; see the source for copying conditions.  There is NO
warranty; not even for MERCHANTABILITY or FITNESS FOR A PARTICULAR PURPOSE.

configure:1741: $? = 0
configure:1743: gcc -v </dev/null >&5
Using built-in specs.
COLLECT_GCC=gcc
COLLECT_LTO_WRAPPER=/usr/lib/gcc/x86_64-linux-gnu/4.8/lto-wrapper
Target: x86_64-linux-gnu
Configured with: ../src/configure -v --with-pkgversion='Ubuntu 4.8.4-2ubuntu1~14.04' --with-bugurl=file:///usr/share/doc/gcc-4.8/README.Bugs --enable-languages=c,c++,java,go,d,fortran,objc,obj-c++ --prefix=/usr --program-suffix=-4.8 --enable-shared --enable-linker-build-id --libexecdir=/usr/lib --without-included-gettext --enable-threads=posix --with-gxx-include-dir=/usr/include/c++/4.8 --libdir=/usr/lib --enable-nls --with-sysroot=/ --enable-clocale=gnu --enable-libstdcxx-debug --enable-libstdcxx-time=yes --enable-gnu-unique-object --disable-libmudflap --enable-plugin --with-system-zlib --disable-browser-plugin --enable-java-awt=gtk --enable-gtk-cairo --with-java-home=/usr/lib/jvm/java-1.5.0-gcj-4.8-amd64/jre --enable-java-home --with-jvm-root-dir=/usr/lib/jvm/java-1.5.0-gcj-4.8-amd64 --with-jvm-jar-dir=/usr/lib/jvm-exports/java-1.5.0-gcj-4.8-amd64 --with-arch-directory=amd64 --with-ecj-jar=/usr/share/java/eclipse-ecj.jar --enable-objc-gc --enable-multiarch --disable-werror --with-arch-32=i686 --with-abi=m64 --with-multilib-list=m32,m64,mx32 --with-tune=generic --enable-checking=release --build=x86_64-linux-gnu --host=x86_64-linux-gnu --target=x86_64-linux-gnu
Thread model: posix
gcc version 4.8.4 (Ubuntu 4.8.4-2ubuntu1~14.04) 
configure:1746: $? = 0
configure:1748: gcc -V </dev/null >&5
gcc: error: unrecognized command line option '-V'
gcc: fatal error: no input files
compilation terminated.
configure:1751: $? = 4
configure:1774: checking for C compiler default output file name
configure:1777: gcc    conftest.c  >&5
configure:1780: $? = 0
configure:1826: result: a.out
configure:1831: checking whether the C compiler works
configure:1837: ./a.out
configure:1840: $? = 0
configure:1857: result: yes
configure:1864: checking whether we are cross compiling
configure:1866: result: no
configure:1869: checking for suffix of executables
configure:1871: gcc -o conftest    conftest.c  >&5
configure:1874: $? = 0
configure:1899: result: 
configure:1905: checking for suffix of object files
configure:1926: gcc -c   conftest.c >&5
configure:1929: $? = 0
configure:1951: result: o
configure:1955: checking whether we are using the GNU C compiler
configure:1979: gcc -c   conftest.c >&5
configure:1985: $? = 0
configure:1988: test -z 			 || test ! -s conftest.err
configure:1991: $? = 0
configure:1994: test -s conftest.o
configure:1997: $? = 0
configure:2010: result: yes
configure:2016: checking whether gcc accepts -g
configure:2037: gcc -c -g  conftest.c >&5
configure:2043: $? = 0
configure:2046: test -z 			 || test ! -s conftest.err
configure:2049: $? = 0
configure:2052: test -s conftest.o
configure:2055: $? = 0
configure:2066: result: yes
configure:2083: checking for gcc option to accept ANSI C
configure:2153: gcc  -c -g -O2  conftest.c >&5
configure:2159: $? = 0
configure:2162: test -z 			 || test ! -s conftest.err
configure:2165: $? = 0
configure:2168: test -s conftest.o
configure:2171: $? = 0
configure:2189: result: none needed
configure:2207: gcc -c -g -O2  conftest.c >&5
conftest.c:2:3: error: unknown type name 'choke'
   choke me
   ^
conftest.c:2:3: error: expected '=', ',', ';', 'asm' or '__attribute__' at end of input
configure:2213: $? = 1
configure: failed program was:
| #ifndef __cplusplus
|   choke me
| #endif
configure:2350: checking how to run the C preprocessor
configure:2385: gcc -E  conftest.c
configure:2391: $? = 0
configure:2423: gcc -E  conftest.c
conftest.c:9:28: fatal error: ac_nonexistent.h: No such file or directory
 #include <ac_nonexistent.h>
                            ^
compilation terminated.
configure:2429: $? = 1
configure: failed program was:
| /* confdefs.h.  */
| 
| #define PACKAGE_NAME ""
| #define PACKAGE_TARNAME ""
| #define PACKAGE_VERSION ""
| #define PACKAGE_STRING ""
| #define PACKAGE_BUGREPORT ""
| /* end confdefs.h.  */
| #include <ac_nonexistent.h>
configure:2468: result: gcc -E
configure:2492: gcc -E  conftest.c
configure:2498: $? = 0
configure:2530: gcc -E  conftest.c
conftest.c:9:28: fatal error: ac_nonexistent.h: No such file or directory
 #include <ac_nonexistent.h>
                            ^
compilation terminated.
configure:2536: $? = 1
configure: failed program was:
| /* confdefs.h.  */
| 
| #define PACKAGE_NAME ""
| #define PACKAGE_TARNAME ""
| #define PACKAGE_VERSION ""
| #define PACKAGE_STRING ""
| #define PACKAGE_BUGREPORT ""
| /* end confdefs.h.  */
| #include <ac_nonexistent.h>
configure:2580: checking for X
configure:2686: gcc -E  conftest.c
configure:2692: $? = 0
configure:2742: gcc -o conftest -g -O2   conftest.c -lXt  >&5
configure:2748: $? = 0
configure:2751: test -z 			 || test ! -s conftest.err
configure:2754: $? = 0
configure:2757: test -s conftest
configure:2760: $? = 0
configure:2814: result: libraries , headers in standard search path
configure:3225: gcc -o conftest -g -O2   conftest.c   -lX11 >&5
configure:3231: $? = 0
configure:3234: test -z 			 || test ! -s conftest.err
configure:3237: $? = 0
configure:3240: test -s conftest
configure:3243: $? = 0
configure:3399: checking for gethostbyname
configure:3456: gcc -o conftest -g -O2   conftest.c  >&5
configure:3462: $? = 0
configure:3465: test -z 			 || test ! -s conftest.err
configure:3468: $? = 0
configure:3471: test -s conftest
configure:3474: $? = 0
configure:3486: result: yes
configure:3635: checking for connect
configure:3692: gcc -o conftest -g -O2   conftest.c  >&5
configure:3698: $? = 0
configure:3701: test -z 			 || test ! -s conftest.err
configure:3704: $? = 0
configure:3707: test -s conftest
configure:3710: $? = 0
configure:3722: result: yes
configure:3796: checking for remove
configure:3853: gcc -o conftest -g -O2   conftest.c  >&5
configure:3859: $? = 0
configure:3862: test -z 			 || test ! -s conftest.err
configure:3865: $? = 0
configure:3868: test -s conftest
configure:3871: $? = 0
configure:3883: result: yes
configure:3957: checking for shmat
configure:4014: gcc -o conftest -g -O2   conftest.c  >&5
configure:4020: $? = 0
configure:4023: test -z 			 || test ! -s conftest.err
configure:4026: $? = 0
configure:4029: test -s conftest
configure:4032: $? = 0
configure:4044: result: yes
configure:4127: checking for IceConnectionNumber in -lICE
configure:4157: gcc -o conftest -g -O2   conftest.c -lICE   >&5
configure:4163: $? = 0
configure:4166: test -z 			 || test ! -s conftest.err
configure:4169: $? = 0
configure:4172: test -s conftest
configure:4175: $? = 0
configure:4188: result: yes
configure:4220: checking for egrep
configure:4230: result: grep -E
configure:4235: checking for ANSI C header files
configure:4260: gcc -c -g -O2   conftest.c >&5
configure:4266: $? = 0
configure:4269: test -z 			 || test ! -s conftest.err
configure:4272: $? = 0
configure:4275: test -s conftest.o
configure:4278: $? = 0
configure:4367: gcc -o conftest -g -O2    conftest.c    -lX11 -lXt >&5
conftest.c: In function 'main':
conftest.c:26:7: warning: incompatible implicit declaration of built-in function 'exit' [enabled by default]
       exit(2);
       ^
configure:4370: $? = 0
configure:4372: ./conftest
configure:4375: $? = 0
configure:4390: result: yes
configure:4414: checking for sys/types.h
configure:4430: gcc -c -g -O2   conftest.c >&5
configure:4436: $? = 0
configure:4439: test -z 			 || test ! -s conftest.err
configure:4442: $? = 0
configure:4445: test -s conftest.o
configure:4448: $? = 0
configure:4459: result: yes
configure:4414: checking for sys/stat.h
configure:4430: gcc -c -g -O2   conftest.c >&5
configure:4436: $? = 0
configure:4439: test -z 			 || test ! -s conftest.err
configure:4442: $? = 0
configure:4445: test -s conftest.o
configure:4448: $? = 0
configure:4459: result: yes
configure:4414: checking for stdlib.h
configure:4430: gcc -c -g -O2   conftest.c >&5
configure:4436: $? = 0
configure:4439: test -z 			 || test ! -s conftest.err
configure:4442: $? = 0
configure:4445: test -s conftest.o
configure:4448: $? = 0
configure:4459: result: yes
configure:4414: checking for string.h
configure:4430: gcc -c -g -O2   conftest.c >&5
configure:4436: $? = 0
configure:4439: test -z 			 || test ! -s conftest.err
configure:4442: $? = 0
configure:4445: test -s conftest.o
configure:4448: $? = 0
configure:4459: result: yes
configure:4414: checking for memory.h
configure:4430: gcc -c -g -O2   conftest.c >&5
configure:4436: $? = 0
configure:4439: test -z 			 || test ! -s conftest.err
configure:4442: $? = 0
configure:4445: test -s conftest.o
configure:4448: $? = 0
configure:4459: result: yes
configure:4414: checking for strings.h
configure:4430: gcc -c -g -O2   conftest.c >&5
configure:4436: $? = 0
configure:4439: test -z 			 || test ! -s conftest.err
configure:4442: $? = 0
configure:4445: test -s conftest.o
configure:4448: $? = 0
configure:4459: result: yes
configure:4414: checking for inttypes.h
configure:4430: gcc -c -g -O2   conftest.c >&5
configure:4436: $? = 0
configure:4439: test -z 			 || test ! -s conftest.err
configure:4442: $? = 0
configure:4445: test -s conftest.o
configure:4448: $? = 0
configure:4459: result: yes
configure:4414: checking for stdint.h
configure:4430: gcc -c -g -O2   conftest.c >&5
configure:4436: $? = 0
configure:4439: test -z 			 || test ! -s conftest.err
configure:4442: $? = 0
configure:4445: test -s conftest.o
configure:4448: $? = 0
configure:4459: result: yes
configure:4414: checking for unistd.h
configure:4430: gcc -c -g -O2   conftest.c >&5
configure:4436: $? = 0
configure:4439: test -z 			 || test ! -s conftest.err
configure:4442: $? = 0
configure:4445: test -s conftest.o
configure:4448: $? = 0
configure:4459: result: yes
configure:4485: checking X11/X.h usability
configure:4497: gcc -c -g -O2   conftest.c >&5
configure:4503: $? = 0
configure:4506: test -z 			 || test ! -s conftest.err
configure:4509: $? = 0
configure:4512: test -s conftest.o
configure:4515: $? = 0
configure:4525: result: yes
configure:4529: checking X11/X.h presence
configure:4539: gcc -E  conftest.c
configure:4545: $? = 0
configure:4565: result: yes
configure:4600: checking for X11/X.h
configure:4607: result: yes
configure:4634: checking X11/Xlib.h usability
configure:4646: gcc -c -g -O2   conftest.c >&5
configure:4652: $? = 0
configure:4655: test -z 			 || test ! -s conftest.err
configure:4658: $? = 0
configure:4661: test -s conftest.o
configure:4664: $? = 0
configure:4674: result: yes
configure:4678: checking X11/Xlib.h presence
configure:4688: gcc -E  conftest.c
configure:4694: $? = 0
configure:4714: result: yes
configure:4749: checking for X11/Xlib.h
configure:4756: result: yes
configure:4783: checking X11/Xatom.h usability
configure:4795: gcc -c -g -O2   conftest.c >&5
configure:4801: $? = 0
configure:4804: test -z 			 || test ! -s conftest.err
configure:4807: $? = 0
configure:4810: test -s conftest.o
configure:4813: $? = 0
configure:4823: result: yes
configure:4827: checking X11/Xatom.h presence
configure:4837: gcc -E  conftest.c
configure:4843: $? = 0
configure:4863: result: yes
configure:4898: checking for X11/Xatom.h
configure:4905: result: yes
configure:4932: checking X11/Intrinsic.h usability
configure:4944: gcc -c -g -O2   conftest.c >&5
configure:4950: $? = 0
configure:4953: test -z 			 || test ! -s conftest.err
configure:4956: $? = 0
configure:4959: test -s conftest.o
configure:4962: $? = 0
configure:4972: result: yes
configure:4976: checking X11/Intrinsic.h presence
configure:4986: gcc -E  conftest.c
configure:4992: $? = 0
configure:5012: result: yes
configure:5047: checking for X11/Intrinsic.h
configure:5054: result: yes
configure:5081: checking stdio.h usability
configure:5093: gcc -c -g -O2   conftest.c >&5
configure:5099: $? = 0
configure:5102: test -z 			 || test ! -s conftest.err
configure:5105: $? = 0
configure:5108: test -s conftest.o
configure:5111: $? = 0
configure:5121: result: yes
configure:5125: checking stdio.h presence
configure:5135: gcc -E  conftest.c
configure:5141: $? = 0
configure:5161: result: yes
configure:5196: checking for stdio.h
configure:5203: result: yes
configure:5221: checking for stdlib.h
configure:5226: result: yes
configure:5367: checking for pid_t
configure:5391: gcc -c -g -O2   conftest.c >&5
configure:5397: $? = 0
configure:5400: test -z 			 || test ! -s conftest.err
configure:5403: $? = 0
configure:5406: test -s conftest.o
configure:5409: $? = 0
configure:5420: result: yes
configure:5432: checking for size_t
configure:5456: gcc -c -g -O2   conftest.c >&5
configure:5462: $? = 0
configure:5465: test -z 			 || test ! -s conftest.err
configure:5468: $? = 0
configure:5471: test -s conftest.o
configure:5474: $? = 0
configure:5485: result: yes
configure:5497: checking for uid_t in sys/types.h
configure:5520: result: yes
configure:5536: checking return type of signal handlers
configure:5567: gcc -c -g -O2   conftest.c >&5
configure:5573: $? = 0
configure:5576: test -z 			 || test ! -s conftest.err
configure:5579: $? = 0
configure:5582: test -s conftest.o
configure:5585: $? = 0
configure:5596: result: void
configure:5610: checking for select
configure:5667: gcc -o conftest -g -O2    conftest.c    -lX11 -lXt >&5
configure:5673: $? = 0
configure:5676: test -z 			 || test ! -s conftest.err
configure:5679: $? = 0
configure:5682: test -s conftest
configure:5685: $? = 0
configure:5697: result: yes
configure:5610: checking for strerror
configure:5667: gcc -o conftest -g -O2    conftest.c    -lX11 -lXt >&5
configure:5673: $? = 0
configure:5676: test -z 			 || test ! -s conftest.err
configure:5679: $? = 0
configure:5682: test -s conftest
configure:5685: $? = 0
configure:5697: result: yes
configure:5610: checking for strstr
configure:5667: gcc -o conftest -g -O2    conftest.c    -lX11 -lXt >&5
conftest.c:52:6: warning: conflicting types for built-in function 'strstr' [enabled by default]
 char strstr ();
      ^
configure:5673: $? = 0
configure:5676: test -z 			 || test ! -s conftest.err
configure:5679: $? = 0
configure:5682: test -s conftest
configure:5685: $? = 0
configure:5697: result: yes
configure:5835: creating ./config.status

## ---------------------- ##
## Running config.status. ##
## ---------------------- ##

This file was extended by config.status, which was
generated by GNU Autoconf 2.59.  Invocation command line was

  CONFIG_FILES    = 
  CONFIG_HEADERS  = 
  CONFIG_LINKS    = 
  CONFIG_COMMANDS = 
  $ ./config.status 

on untitled

config.status:688: creating Makefile

## ---------------- ##
## Cache variables. ##
## ---------------- ##

ac_cv_c_compiler_gnu=yes
ac_cv_env_CC_set=
ac_cv_env_CC_value=
ac_cv_env_CFLAGS_set=
ac_cv_env_CFLAGS_value=
ac_cv_env_CPPFLAGS_set=
ac_cv_env_CPPFLAGS_value=
ac_cv_env_CPP_set=
ac_cv_env_CPP_value=
ac_cv_env_LDFLAGS_set=
ac_cv_env_LDFLAGS_value=
ac_cv_env_build_alias_set=
ac_cv_env_build_alias_value=
ac_cv_env_host_alias_set=
ac_cv_env_host_alias_value=
ac_cv_env_target_alias_set=
ac_cv_env_target_alias_value=
ac_cv_exeext=
ac_cv_func_connect=yes
ac_cv_func_gethostbyname=yes
ac_cv_func_remove=yes
ac_cv_func_select=yes
ac_cv_func_shmat=yes
ac_cv_func_strerror=yes
ac_cv_func_strstr=yes
ac_cv_have_x='have_x=yes 		ac_x_includes= ac_x_libraries='
ac_cv_header_X11_Intrinsic_h=yes
ac_cv_header_X11_X_h=yes
ac_cv_header_X11_Xatom_h=yes
ac_cv_header_X11_Xlib_h=yes
ac_cv_header_inttypes_h=yes
ac_cv_header_memory_h=yes
ac_cv_header_stdc=yes
ac_cv_header_stdint_h=yes
ac_cv_header_stdio_h=yes
ac_cv_header_stdlib_h=yes
ac_cv_header_string_h=yes
ac_cv_header_strings_h=yes
ac_cv_header_sys_stat_h=yes
ac_cv_header_sys_types_h=yes
ac_cv_header_unistd_h=yes
ac_cv_lib_ICE_IceConnectionNumber=yes
ac_cv_objext=o
ac_cv_path_install='/usr/bin/install -c'
ac_cv_prog_CPP='gcc -E'
ac_cv_prog_ac_ct_CC=gcc
ac_cv_prog_cc_g=yes
ac_cv_prog_cc_stdc=
ac_cv_prog_egrep='grep -E'
ac_cv_type_pid_t=yes
ac_cv_type_signal=void
ac_cv_type_size_t=yes
ac_cv_type_uid_t=yes

## ----------------- ##
## Output variables. ##
## ----------------- ##

CC='gcc'
CFLAGS='-g -O2 '
CPP='gcc -E'
CPPFLAGS=''
DEFS='-DPACKAGE_NAME=\"\" -DPACKAGE_TARNAME=\"\" -DPACKAGE_VERSION=\"\" -DPACKAGE_STRING=\"\" -DPACKAGE_BUGREPORT=\"\" -DSTDC_HEADERS=1 -DHAVE_SYS_TYPES_H=1 -DHAVE_SYS_STAT_H=1 -DHAVE_STDLIB_H=1 -DHAVE_STRING_H=1 -DHAVE_MEMORY_H=1 -DHAVE_STRINGS_H=1 -DHAVE_INTTYPES_H=1 -DHAVE_STDINT_H=1 -DHAVE_UNISTD_H=1 -DHAVE_X11_X_H=1 -DHAVE_X11_XLIB_H=1 -DHAVE_X11_XATOM_H=1 -DHAVE_X11_INTRINSIC_H=1 -DHAVE_STDIO_H=1 -DHAVE_STDLIB_H=1 -DRETSIGTYPE=void -DHAVE_SELECT=1 -DHAVE_STRERROR=1 -DHAVE_STRSTR=1 '
ECHO_C=''
ECHO_N='-n'
ECHO_T=''
EGREP='grep -E'
EXEEXT=''
HOSTARCH='x86_64'
HOSTOS='Linux'
HOSTREL='3.13.0-57-generic'
INSTALL_DATA='${INSTALL} -m 644'
INSTALL_PROGRAM='${INSTALL}'
INSTALL_SCRIPT='${INSTALL}'
LDFLAGS=''
LIBOBJS=''
LIBS='   -lX11 -lXt'
LTLIBOBJS=''
OBJEXT='o'
PACKAGE_BUGREPORT=''
PACKAGE_NAME=''
PACKAGE_STRING=''
PACKAGE_TARNAME=''
PACKAGE_VERSION=''
PATH_SEPARATOR=':'
SHELL='/bin/bash'
VER='0.7.4'
X_CFLAGS=''
X_EXTRA_LIBS=''
X_LIBS=''
X_PRE_LIBS=' -lSM -lICE'
ac_ct_CC='gcc'
bindir='${exec_prefix}/bin'
build_alias=''
datadir='${prefix}/share'
exec_prefix='${prefix}'
host_alias=''
includedir='${prefix}/include'
infodir='${prefix}/info'
libdir='${exec_prefix}/lib'
libexecdir='${exec_prefix}/libexec'
localstatedir='${prefix}/var'
mandir='${prefix}/man'
oldincludedir='/usr/include'
prefix='/usr/local'
program_transform_name='s,x,x,'
sbindir='${exec_prefix}/sbin'
sharedstatedir='${prefix}/com'
sysconfdir='${prefix}/etc'
target_alias=''

## ----------- ##
## confdefs.h. ##
## ----------- ##

#define HAVE_INTTYPES_H 1
#define HAVE_MEMORY_H 1
#define HAVE_SELECT 1
#define HAVE_STDINT_H 1
#define HAVE_STDIO_H 1
#define HAVE_STDLIB_H 1
#define HAVE_STDLIB_H 1
#define HAVE_STRERROR 1
#define HAVE_STRINGS_H 1
#define HAVE_STRING_H 1
#define HAVE_STRSTR 1
#define HAVE_SYS_STAT_H 1
#define HAVE_SYS_TYPES_H 1
#define HAVE_UNISTD_H 1
#define HAVE_X11_INTRINSIC_H 1
#define HAVE_X11_XATOM_H 1
#define HAVE_X11_XLIB_H 1
#define HAVE_X11_X_H 1
#define PACKAGE_BUGREPORT ""
#define PACKAGE_NAME ""
#define PACKAGE_STRING ""
#define PACKAGE_TARNAME ""
#define PACKAGE_VERSION ""
#define RETSIGTYPE void
#define STDC_HEADERS 1

configure: exit 0
